
CH32V203G8R6.elf:     file format elf32-littleriscv
CH32V203G8R6.elf
architecture: riscv:rv32, flags 0x00000112:
EXEC_P, HAS_SYMS, D_PAGED
start address 0x00000000

Program Header:
    LOAD off    0x00001000 vaddr 0x00000000 paddr 0x00000000 align 2**12
         filesz 0x0000075c memsz 0x0000075c flags r-x
    LOAD off    0x00002000 vaddr 0x20000000 paddr 0x0000075c align 2**12
         filesz 0x00000018 memsz 0x00000020 flags rw-
    LOAD off    0x00002800 vaddr 0x20004800 paddr 0x20004800 align 2**12
         filesz 0x00000000 memsz 0x00000800 flags rw-

Sections:
Idx Name          Size      VMA       LMA       File off  Algn
  0 .init         00000004  00000000  00000000  00001000  2**1
                  CONTENTS, ALLOC, LOAD, READONLY, CODE
  1 .vector       000000fc  00000004  00000004  00001004  2**1
                  CONTENTS, ALLOC, LOAD, READONLY, CODE
  2 .text         0000065c  00000100  00000100  00001100  2**1
                  CONTENTS, ALLOC, LOAD, READONLY, CODE
  3 .fini         00000000  0000075c  0000075c  00002018  2**0
                  CONTENTS, ALLOC, LOAD, CODE
  4 .dalign       00000000  20000000  20000000  00002018  2**0
                  CONTENTS
  5 .dlalign      00000000  0000075c  0000075c  00002018  2**0
                  CONTENTS
  6 .data         00000018  20000000  0000075c  00002000  2**2
                  CONTENTS, ALLOC, LOAD, DATA
  7 .bss          00000008  20000018  00000774  00002018  2**1
                  ALLOC
  8 .stack        00000800  20004800  20004800  00002800  2**0
                  ALLOC
  9 .debug_info   00006e60  00000000  00000000  00002018  2**0
                  CONTENTS, READONLY, DEBUGGING
 10 .debug_abbrev 0000140c  00000000  00000000  00008e78  2**0
                  CONTENTS, READONLY, DEBUGGING
 11 .debug_aranges 000003c8  00000000  00000000  0000a288  2**3
                  CONTENTS, READONLY, DEBUGGING
 12 .debug_ranges 00000350  00000000  00000000  0000a650  2**3
                  CONTENTS, READONLY, DEBUGGING
 13 .debug_line   0000538b  00000000  00000000  0000a9a0  2**0
                  CONTENTS, READONLY, DEBUGGING
 14 .debug_str    0000143b  00000000  00000000  0000fd2b  2**0
                  CONTENTS, READONLY, DEBUGGING
 15 .comment      00000032  00000000  00000000  00011166  2**0
                  CONTENTS, READONLY
 16 .debug_frame  00000718  00000000  00000000  00011198  2**2
                  CONTENTS, READONLY, DEBUGGING
 17 .debug_loc    00001970  00000000  00000000  000118b0  2**0
                  CONTENTS, READONLY, DEBUGGING
SYMBOL TABLE:
00000000 l    d  .init	00000000 .init
00000004 l    d  .vector	00000000 .vector
00000100 l    d  .text	00000000 .text
0000075c l    d  .fini	00000000 .fini
20000000 l    d  .dalign	00000000 .dalign
0000075c l    d  .dlalign	00000000 .dlalign
20000000 l    d  .data	00000000 .data
20000018 l    d  .bss	00000000 .bss
20004800 l    d  .stack	00000000 .stack
00000000 l    d  .debug_info	00000000 .debug_info
00000000 l    d  .debug_abbrev	00000000 .debug_abbrev
00000000 l    d  .debug_aranges	00000000 .debug_aranges
00000000 l    d  .debug_ranges	00000000 .debug_ranges
00000000 l    d  .debug_line	00000000 .debug_line
00000000 l    d  .debug_str	00000000 .debug_str
00000000 l    d  .comment	00000000 .comment
00000000 l    d  .debug_frame	00000000 .debug_frame
00000000 l    d  .debug_loc	00000000 .debug_loc
00000000 l    df *ABS*	00000000 ./Startup/startup_ch32v20x_D6.o
00000004 l       .vector	00000000 _vector_base
00000000 l    df *ABS*	00000000 ch32v20x_it.c
00000000 l    df *ABS*	00000000 main.c
00000000 l    df *ABS*	00000000 system_ch32v20x.c
00000000 l    df *ABS*	00000000 ch32v20x_gpio.c
00000000 l    df *ABS*	00000000 ch32v20x_rcc.c
20000000 l     O .data	00000010 APBAHBPrescTable
20000014 l     O .data	00000004 ADCPrescTable
00000000 l    df *ABS*	00000000 ch32v20x_usart.c
00000000 l    df *ABS*	00000000 debug.c
2000001a l     O .bss	00000002 p_ms
2000001c l     O .bss	00000001 p_us
00000330  w      .text	00000000 EXTI2_IRQHandler
00000510 g     F .text	00000014 RCC_HSICmd
20000810 g       .data	00000000 __global_pointer$
00000108 g     F .text	00000028 .hidden __riscv_save_8
00000330  w      .text	00000000 TIM1_CC_IRQHandler
00000162 g     F .text	00000010 HardFault_Handler
00000154 g     F .text	0000000c .hidden __riscv_restore_3
00000330  w      .text	00000000 SysTick_Handler
00000330  w      .text	00000000 PVD_IRQHandler
00000140 g     F .text	00000020 .hidden __riscv_restore_10
00000160 g     F .text	00000002 NMI_Handler
00000330  w      .text	00000000 EXTI3_IRQHandler
00000108 g     F .text	00000028 .hidden __riscv_save_11
20000018 g       .bss	00000000 _sbss
00000800 g       *ABS*	00000000 __stack_size
00000524 g     F .text	0000000e RCC_SYSCLKConfig
00000330  w      .text	00000000 USBFS_IRQHandler
00000154 g     F .text	0000000c .hidden __riscv_restore_2
00000330  w      .text	00000000 EXTI0_IRQHandler
00000330  w      .text	00000000 I2C2_EV_IRQHandler
20000010 g     O .data	00000004 SystemCoreClock
00000004 g       .init	00000000 _einit
00000626 g     F .text	0000001e RCC_APB2PeriphClockCmd
00000100 g     F .text	00000030 .hidden __riscv_save_12
00000330  w      .text	00000000 ADC1_2_IRQHandler
000003b4 g     F .text	000000f2 GPIO_Init
00000330  w      .text	00000000 Break_Point_Handler
00000140 g     F .text	00000020 .hidden __riscv_restore_11
00000330  w      .text	00000000 SPI1_IRQHandler
0000071c g     F .text	00000016 USART_Cmd
00000130 g     F .text	0000000c .hidden __riscv_save_1
00000330  w      .text	00000000 TAMPER_IRQHandler
00000154 g     F .text	0000000c .hidden __riscv_restore_0
00000116 g     F .text	0000001a .hidden __riscv_save_7
00000644 g     F .text	0000001e RCC_APB1PeriphClockCmd
00000330  w      .text	00000000 Ecall_M_Mode_Handler
20004800 g       .stack	00000000 _heap_end
0000014a g     F .text	00000016 .hidden __riscv_restore_5
00000330  w      .text	00000000 DMA1_Channel4_IRQHandler
0000014a g     F .text	00000016 .hidden __riscv_restore_6
00000330  w      .text	00000000 USART3_IRQHandler
00000330  w      .text	00000000 RTC_IRQHandler
20000020 g       .bss	00000000 _ebss
00000330  w      .text	00000000 DMA1_Channel7_IRQHandler
00000330  w      .text	00000000 CAN1_RX1_IRQHandler
00000732 g     F .text	0000002a Delay_Init
00000662 g     F .text	0000002e RCC_GetFlagStatus
000004a6 g     F .text	00000014 GPIO_SetBits
00000330  w      .text	00000000 TIM4_IRQHandler
00000108 g     F .text	00000028 .hidden __riscv_save_9
00000116 g     F .text	0000001a .hidden __riscv_save_4
00000330  w      .text	00000000 I2C1_EV_IRQHandler
00000568 g     F .text	000000be RCC_GetClocksFreq
00000330  w      .text	00000000 DMA1_Channel6_IRQHandler
00000330  w      .text	00000000 UART4_IRQHandler
00000690 g     F .text	0000008c USART_Init
00000330  w      .text	00000000 TIM3_IRQHandler
00000330  w      .text	00000000 RCC_IRQHandler
00000130 g     F .text	0000000c .hidden __riscv_save_3
00000330  w      .text	00000000 TIM1_TRG_COM_IRQHandler
00000330  w      .text	00000000 DMA1_Channel1_IRQHandler
00000000 g       .init	00000000 _start
00000330  w      .text	00000000 EXTI15_10_IRQHandler
00000330  w      .text	00000000 DMA1_Channel8_IRQHandler
000004ba g     F .text	00000014 GPIO_ResetBits
20000000 g       .dalign	00000000 _data_vma
20000018 g     O .bss	00000001 MCU_Version
00000330  w      .text	00000000 EXTI9_5_IRQHandler
00000108 g     F .text	00000028 .hidden __riscv_save_10
0000014a g     F .text	00000016 .hidden __riscv_restore_4
00000140 g     F .text	00000020 .hidden __riscv_restore_8
00000116 g     F .text	0000001a .hidden __riscv_save_6
00000330  w      .text	00000000 SPI2_IRQHandler
00000140 g     F .text	00000020 .hidden __riscv_restore_9
0000014a g     F .text	00000016 .hidden __riscv_restore_7
00000280 g     F .text	00000008 main
00000542 g     F .text	00000010 RCC_PCLK1Config
00000330  w      .text	00000000 DMA1_Channel5_IRQHandler
00000330  w      .text	00000000 EXTI4_IRQHandler
00000330  w      .text	00000000 USB_LP_CAN1_RX0_IRQHandler
00000552 g     F .text	00000016 RCC_PCLK2Config
00000288 g     F .text	000000a8 SystemInit
00000330  w      .text	00000000 USB_HP_CAN1_TX_IRQHandler
000004ce g     F .text	00000042 RCC_DeInit
00000000 g       .init	00000000 _sinit
00000330  w      .text	00000000 DMA1_Channel3_IRQHandler
00000330  w      .text	00000000 TIM1_UP_IRQHandler
00000330  w      .text	00000000 WWDG_IRQHandler
00000330  w      .text	00000000 Ecall_U_Mode_Handler
00000330  w      .text	00000000 TIM2_IRQHandler
20005000 g       .stack	00000000 _eusrstack
00000130 g     F .text	0000000c .hidden __riscv_save_2
00000330  w      .text	00000000 SW_Handler
00000330  w      .text	00000000 TIM1_BRK_IRQHandler
00000330  w      .text	00000000 EXTI1_IRQHandler
00000116 g     F .text	0000001a .hidden __riscv_save_5
20000018 g       .data	00000000 _edata
20000020 g       .bss	00000000 _end
00000330  w      .text	00000000 RTCAlarm_IRQHandler
0000075c g       .dlalign	00000000 _data_lma
00000330  w      .text	00000000 USART2_IRQHandler
00000330  w      .text	00000000 I2C2_ER_IRQHandler
00000330  w      .text	00000000 DMA1_Channel2_IRQHandler
0000013c g     F .text	00000024 .hidden __riscv_restore_12
00000332  w      .text	00000000 handle_reset
00000330  w      .text	00000000 CAN1_SCE_IRQHandler
00000330  w      .text	00000000 FLASH_IRQHandler
00000130 g     F .text	0000000c .hidden __riscv_save_0
00000172 g     F .text	0000010e CH32V203_Init
00000330  w      .text	00000000 USBFSWakeUp_IRQHandler
00000330  w      .text	00000000 USART1_IRQHandler
00000330  w      .text	00000000 I2C1_ER_IRQHandler
00000154 g     F .text	0000000c .hidden __riscv_restore_1
00000330  w      .text	00000000 USBWakeUp_IRQHandler
00000532 g     F .text	00000010 RCC_HCLKConfig



Disassembly of section .init:

00000000 <_sinit>:
   0:	3320006f          	j	332 <handle_reset>

Disassembly of section .vector:

00000004 <_vector_base>:
	...
   c:	0160                	addi	s0,sp,140
   e:	0000                	unimp
  10:	0162                	slli	sp,sp,0x18
  12:	0000                	unimp
  14:	0000                	unimp
  16:	0000                	unimp
  18:	0330                	addi	a2,sp,392
	...
  22:	0000                	unimp
  24:	0330                	addi	a2,sp,392
  26:	0000                	unimp
  28:	0330                	addi	a2,sp,392
	...
  32:	0000                	unimp
  34:	0330                	addi	a2,sp,392
  36:	0000                	unimp
  38:	0000                	unimp
  3a:	0000                	unimp
  3c:	0330                	addi	a2,sp,392
  3e:	0000                	unimp
  40:	0000                	unimp
  42:	0000                	unimp
  44:	0330                	addi	a2,sp,392
  46:	0000                	unimp
  48:	0330                	addi	a2,sp,392
  4a:	0000                	unimp
  4c:	0330                	addi	a2,sp,392
  4e:	0000                	unimp
  50:	0330                	addi	a2,sp,392
  52:	0000                	unimp
  54:	0330                	addi	a2,sp,392
  56:	0000                	unimp
  58:	0330                	addi	a2,sp,392
  5a:	0000                	unimp
  5c:	0330                	addi	a2,sp,392
  5e:	0000                	unimp
  60:	0330                	addi	a2,sp,392
  62:	0000                	unimp
  64:	0330                	addi	a2,sp,392
  66:	0000                	unimp
  68:	0330                	addi	a2,sp,392
  6a:	0000                	unimp
  6c:	0330                	addi	a2,sp,392
  6e:	0000                	unimp
  70:	0330                	addi	a2,sp,392
  72:	0000                	unimp
  74:	0330                	addi	a2,sp,392
  76:	0000                	unimp
  78:	0330                	addi	a2,sp,392
  7a:	0000                	unimp
  7c:	0330                	addi	a2,sp,392
  7e:	0000                	unimp
  80:	0330                	addi	a2,sp,392
  82:	0000                	unimp
  84:	0330                	addi	a2,sp,392
  86:	0000                	unimp
  88:	0330                	addi	a2,sp,392
  8a:	0000                	unimp
  8c:	0330                	addi	a2,sp,392
  8e:	0000                	unimp
  90:	0330                	addi	a2,sp,392
  92:	0000                	unimp
  94:	0330                	addi	a2,sp,392
  96:	0000                	unimp
  98:	0330                	addi	a2,sp,392
  9a:	0000                	unimp
  9c:	0330                	addi	a2,sp,392
  9e:	0000                	unimp
  a0:	0330                	addi	a2,sp,392
  a2:	0000                	unimp
  a4:	0330                	addi	a2,sp,392
  a6:	0000                	unimp
  a8:	0330                	addi	a2,sp,392
  aa:	0000                	unimp
  ac:	0330                	addi	a2,sp,392
  ae:	0000                	unimp
  b0:	0330                	addi	a2,sp,392
  b2:	0000                	unimp
  b4:	0330                	addi	a2,sp,392
  b6:	0000                	unimp
  b8:	0330                	addi	a2,sp,392
  ba:	0000                	unimp
  bc:	0330                	addi	a2,sp,392
  be:	0000                	unimp
  c0:	0330                	addi	a2,sp,392
  c2:	0000                	unimp
  c4:	0330                	addi	a2,sp,392
  c6:	0000                	unimp
  c8:	0330                	addi	a2,sp,392
  ca:	0000                	unimp
  cc:	0330                	addi	a2,sp,392
  ce:	0000                	unimp
  d0:	0330                	addi	a2,sp,392
  d2:	0000                	unimp
  d4:	0330                	addi	a2,sp,392
  d6:	0000                	unimp
  d8:	0330                	addi	a2,sp,392
  da:	0000                	unimp
  dc:	0330                	addi	a2,sp,392
  de:	0000                	unimp
  e0:	0330                	addi	a2,sp,392
  e2:	0000                	unimp
  e4:	0330                	addi	a2,sp,392
  e6:	0000                	unimp
  e8:	0330                	addi	a2,sp,392
  ea:	0000                	unimp
  ec:	0330                	addi	a2,sp,392
  ee:	0000                	unimp
  f0:	0330                	addi	a2,sp,392
  f2:	0000                	unimp
  f4:	0330                	addi	a2,sp,392
  f6:	0000                	unimp
  f8:	0330                	addi	a2,sp,392
  fa:	0000                	unimp
  fc:	0330                	addi	a2,sp,392
	...

Disassembly of section .text:

00000100 <__riscv_save_12>:
 100:	7139                	addi	sp,sp,-64
 102:	4301                	li	t1,0
 104:	c66e                	sw	s11,12(sp)
 106:	a019                	j	10c <__riscv_save_10+0x4>

00000108 <__riscv_save_10>:
 108:	7139                	addi	sp,sp,-64
 10a:	5341                	li	t1,-16
 10c:	c86a                	sw	s10,16(sp)
 10e:	ca66                	sw	s9,20(sp)
 110:	cc62                	sw	s8,24(sp)
 112:	ce5e                	sw	s7,28(sp)
 114:	a019                	j	11a <__riscv_save_4+0x4>

00000116 <__riscv_save_4>:
 116:	7139                	addi	sp,sp,-64
 118:	5301                	li	t1,-32
 11a:	d05a                	sw	s6,32(sp)
 11c:	d256                	sw	s5,36(sp)
 11e:	d452                	sw	s4,40(sp)
 120:	d64e                	sw	s3,44(sp)
 122:	d84a                	sw	s2,48(sp)
 124:	da26                	sw	s1,52(sp)
 126:	dc22                	sw	s0,56(sp)
 128:	de06                	sw	ra,60(sp)
 12a:	40610133          	sub	sp,sp,t1
 12e:	8282                	jr	t0

00000130 <__riscv_save_0>:
 130:	1141                	addi	sp,sp,-16
 132:	c04a                	sw	s2,0(sp)
 134:	c226                	sw	s1,4(sp)
 136:	c422                	sw	s0,8(sp)
 138:	c606                	sw	ra,12(sp)
 13a:	8282                	jr	t0

0000013c <__riscv_restore_12>:
 13c:	4db2                	lw	s11,12(sp)
 13e:	0141                	addi	sp,sp,16

00000140 <__riscv_restore_10>:
 140:	4d02                	lw	s10,0(sp)
 142:	4c92                	lw	s9,4(sp)
 144:	4c22                	lw	s8,8(sp)
 146:	4bb2                	lw	s7,12(sp)
 148:	0141                	addi	sp,sp,16

0000014a <__riscv_restore_4>:
 14a:	4b02                	lw	s6,0(sp)
 14c:	4a92                	lw	s5,4(sp)
 14e:	4a22                	lw	s4,8(sp)
 150:	49b2                	lw	s3,12(sp)
 152:	0141                	addi	sp,sp,16

00000154 <__riscv_restore_0>:
 154:	4902                	lw	s2,0(sp)
 156:	4492                	lw	s1,4(sp)
 158:	4422                	lw	s0,8(sp)
 15a:	40b2                	lw	ra,12(sp)
 15c:	0141                	addi	sp,sp,16
 15e:	8082                	ret

00000160 <NMI_Handler>:
 160:	a001                	j	160 <NMI_Handler>

00000162 <HardFault_Handler>:
 162:	beef07b7          	lui	a5,0xbeef0
 166:	e000e737          	lui	a4,0xe000e
 16a:	08078793          	addi	a5,a5,128 # beef0080 <_eusrstack+0x9eeeb080>
 16e:	c73c                	sw	a5,72(a4)
 170:	a001                	j	170 <HardFault_Handler+0xe>

00000172 <CH32V203_Init>:
 172:	fa5ff2ef          	jal	t0,116 <__riscv_save_4>
 176:	1101                	addi	sp,sp,-32
 178:	2e99                	jal	4ce <RCC_DeInit>
 17a:	4505                	li	a0,1
 17c:	2e51                	jal	510 <RCC_HSICmd>
 17e:	02100513          	li	a0,33
 182:	21c5                	jal	662 <RCC_GetFlagStatus>
 184:	dd6d                	beqz	a0,17e <CH32V203_Init+0xc>
 186:	4501                	li	a0,0
 188:	266d                	jal	532 <RCC_HCLKConfig>
 18a:	4501                	li	a0,0
 18c:	2e5d                	jal	542 <RCC_PCLK1Config>
 18e:	4501                	li	a0,0
 190:	26c9                	jal	552 <RCC_PCLK2Config>
 192:	4501                	li	a0,0
 194:	2e41                	jal	524 <RCC_SYSCLKConfig>
 196:	4585                	li	a1,1
 198:	4531                	li	a0,12
 19a:	2171                	jal	626 <RCC_APB2PeriphClockCmd>
 19c:	4585                	li	a1,1
 19e:	00020537          	lui	a0,0x20
 1a2:	40011437          	lui	s0,0x40011
 1a6:	2979                	jal	644 <RCC_APB1PeriphClockCmd>
 1a8:	0c000793          	li	a5,192
 1ac:	448d                	li	s1,3
 1ae:	4941                	li	s2,16
 1b0:	004c                	addi	a1,sp,4
 1b2:	c0040513          	addi	a0,s0,-1024 # 40010c00 <_eusrstack+0x2000bc00>
 1b6:	827c                	sh	a5,4(sp)
 1b8:	c426                	sw	s1,8(sp)
 1ba:	c64a                	sw	s2,12(sp)
 1bc:	2ae5                	jal	3b4 <GPIO_Init>
 1be:	c0040513          	addi	a0,s0,-1024
 1c2:	04000593          	li	a1,64
 1c6:	2cd5                	jal	4ba <GPIO_ResetBits>
 1c8:	c0040513          	addi	a0,s0,-1024
 1cc:	08000593          	li	a1,128
 1d0:	24ed                	jal	4ba <GPIO_ResetBits>
 1d2:	77e1                	lui	a5,0xffff8
 1d4:	004c                	addi	a1,sp,4
 1d6:	c0040513          	addi	a0,s0,-1024
 1da:	827c                	sh	a5,4(sp)
 1dc:	c64a                	sw	s2,12(sp)
 1de:	2ad9                	jal	3b4 <GPIO_Init>
 1e0:	c0040513          	addi	a0,s0,-1024
 1e4:	65a1                	lui	a1,0x8
 1e6:	24c1                	jal	4a6 <GPIO_SetBits>
 1e8:	10000793          	li	a5,256
 1ec:	004c                	addi	a1,sp,4
 1ee:	80040513          	addi	a0,s0,-2048
 1f2:	827c                	sh	a5,4(sp)
 1f4:	22c1                	jal	3b4 <GPIO_Init>
 1f6:	80040513          	addi	a0,s0,-2048
 1fa:	10000593          	li	a1,256
 1fe:	2465                	jal	4a6 <GPIO_SetBits>
 200:	6785                	lui	a5,0x1
 202:	c0078793          	addi	a5,a5,-1024 # c00 <__stack_size+0x400>
 206:	04800913          	li	s2,72
 20a:	004c                	addi	a1,sp,4
 20c:	c0040513          	addi	a0,s0,-1024
 210:	827c                	sh	a5,4(sp)
 212:	c64a                	sw	s2,12(sp)
 214:	2245                	jal	3b4 <GPIO_Init>
 216:	0d200793          	li	a5,210
 21a:	4991                	li	s3,4
 21c:	004c                	addi	a1,sp,4
 21e:	80040513          	addi	a0,s0,-2048
 222:	827c                	sh	a5,4(sp)
 224:	c64e                	sw	s3,12(sp)
 226:	2279                	jal	3b4 <GPIO_Init>
 228:	004c                	addi	a1,sp,4
 22a:	c0040513          	addi	a0,s0,-1024
 22e:	8264                	sh	s1,4(sp)
 230:	2251                	jal	3b4 <GPIO_Init>
 232:	47e1                	li	a5,24
 234:	004c                	addi	a1,sp,4
 236:	80040513          	addi	a0,s0,-2048
 23a:	01311223          	sh	s3,4(sp)
 23e:	c426                	sw	s1,8(sp)
 240:	c63e                	sw	a5,12(sp)
 242:	2a8d                	jal	3b4 <GPIO_Init>
 244:	47a1                	li	a5,8
 246:	004c                	addi	a1,sp,4
 248:	80040513          	addi	a0,s0,-2048
 24c:	827c                	sh	a5,4(sp)
 24e:	c64a                	sw	s2,12(sp)
 250:	2295                	jal	3b4 <GPIO_Init>
 252:	67f1                	lui	a5,0x1c
 254:	40004437          	lui	s0,0x40004
 258:	20078793          	addi	a5,a5,512 # 1c200 <__stack_size+0x1ba00>
 25c:	c83e                	sw	a5,16(sp)
 25e:	080c                	addi	a1,sp,16
 260:	000c07b7          	lui	a5,0xc0
 264:	40040513          	addi	a0,s0,1024 # 40004400 <_eusrstack+0x1ffff400>
 268:	cc3e                	sw	a5,24(sp)
 26a:	ca02                	sw	zero,20(sp)
 26c:	00011e23          	sh	zero,28(sp)
 270:	2105                	jal	690 <USART_Init>
 272:	4585                	li	a1,1
 274:	40040513          	addi	a0,s0,1024
 278:	2155                	jal	71c <USART_Cmd>
 27a:	2965                	jal	732 <Delay_Init>
 27c:	6105                	addi	sp,sp,32
 27e:	b5f1                	j	14a <__riscv_restore_4>

00000280 <main>:
 280:	eb1ff2ef          	jal	t0,130 <__riscv_save_0>
 284:	35fd                	jal	172 <CH32V203_Init>
 286:	a001                	j	286 <main+0x6>

00000288 <SystemInit>:
 288:	400217b7          	lui	a5,0x40021
 28c:	4398                	lw	a4,0(a5)
 28e:	f0ff06b7          	lui	a3,0xf0ff0
 292:	00176713          	ori	a4,a4,1
 296:	c398                	sw	a4,0(a5)
 298:	43d8                	lw	a4,4(a5)
 29a:	8f75                	and	a4,a4,a3
 29c:	c3d8                	sw	a4,4(a5)
 29e:	4398                	lw	a4,0(a5)
 2a0:	fef706b7          	lui	a3,0xfef70
 2a4:	16fd                	addi	a3,a3,-1
 2a6:	8f75                	and	a4,a4,a3
 2a8:	c398                	sw	a4,0(a5)
 2aa:	4398                	lw	a4,0(a5)
 2ac:	fffc06b7          	lui	a3,0xfffc0
 2b0:	16fd                	addi	a3,a3,-1
 2b2:	8f75                	and	a4,a4,a3
 2b4:	c398                	sw	a4,0(a5)
 2b6:	43d8                	lw	a4,4(a5)
 2b8:	ff0106b7          	lui	a3,0xff010
 2bc:	16fd                	addi	a3,a3,-1
 2be:	8f75                	and	a4,a4,a3
 2c0:	c3d8                	sw	a4,4(a5)
 2c2:	009f0737          	lui	a4,0x9f0
 2c6:	c798                	sw	a4,8(a5)
 2c8:	400246b7          	lui	a3,0x40024
 2cc:	8006a703          	lw	a4,-2048(a3) # 40023800 <_eusrstack+0x2001e800>
 2d0:	01076713          	ori	a4,a4,16
 2d4:	80e6a023          	sw	a4,-2048(a3)
 2d8:	43d8                	lw	a4,4(a5)
 2da:	ffc106b7          	lui	a3,0xffc10
 2de:	16fd                	addi	a3,a3,-1
 2e0:	c3d8                	sw	a4,4(a5)
 2e2:	43d8                	lw	a4,4(a5)
 2e4:	c3d8                	sw	a4,4(a5)
 2e6:	43d8                	lw	a4,4(a5)
 2e8:	40076713          	ori	a4,a4,1024
 2ec:	c3d8                	sw	a4,4(a5)
 2ee:	43d8                	lw	a4,4(a5)
 2f0:	8f75                	and	a4,a4,a3
 2f2:	c3d8                	sw	a4,4(a5)
 2f4:	43d8                	lw	a4,4(a5)
 2f6:	003c06b7          	lui	a3,0x3c0
 2fa:	8f55                	or	a4,a4,a3
 2fc:	c3d8                	sw	a4,4(a5)
 2fe:	4398                	lw	a4,0(a5)
 300:	010006b7          	lui	a3,0x1000
 304:	8f55                	or	a4,a4,a3
 306:	c398                	sw	a4,0(a5)
 308:	4398                	lw	a4,0(a5)
 30a:	00671693          	slli	a3,a4,0x6
 30e:	fe06dde3          	bgez	a3,308 <SystemInit+0x80>
 312:	43d8                	lw	a4,4(a5)
 314:	400216b7          	lui	a3,0x40021
 318:	9b71                	andi	a4,a4,-4
 31a:	c3d8                	sw	a4,4(a5)
 31c:	43d8                	lw	a4,4(a5)
 31e:	00276713          	ori	a4,a4,2
 322:	c3d8                	sw	a4,4(a5)
 324:	4721                	li	a4,8
 326:	42dc                	lw	a5,4(a3)
 328:	8bb1                	andi	a5,a5,12
 32a:	fee79ee3          	bne	a5,a4,326 <SystemInit+0x9e>
 32e:	8082                	ret

00000330 <ADC1_2_IRQHandler>:
 330:	a001                	j	330 <ADC1_2_IRQHandler>

00000332 <handle_reset>:
 332:	20000197          	auipc	gp,0x20000
 336:	4de18193          	addi	gp,gp,1246 # 20000810 <__global_pointer$>
 33a:	20005117          	auipc	sp,0x20005
 33e:	cc610113          	addi	sp,sp,-826 # 20005000 <_eusrstack>
 342:	75c00513          	li	a0,1884
 346:	20000597          	auipc	a1,0x20000
 34a:	cba58593          	addi	a1,a1,-838 # 20000000 <_data_vma>
 34e:	80818613          	addi	a2,gp,-2040 # 20000018 <_edata>
 352:	00c5fa63          	bgeu	a1,a2,366 <handle_reset+0x34>
 356:	00052283          	lw	t0,0(a0) # 20000 <__stack_size+0x1f800>
 35a:	0055a023          	sw	t0,0(a1)
 35e:	0511                	addi	a0,a0,4
 360:	0591                	addi	a1,a1,4
 362:	fec5eae3          	bltu	a1,a2,356 <handle_reset+0x24>
 366:	80818513          	addi	a0,gp,-2040 # 20000018 <_edata>
 36a:	81018593          	addi	a1,gp,-2032 # 20000020 <_ebss>
 36e:	00b57763          	bgeu	a0,a1,37c <handle_reset+0x4a>
 372:	00052023          	sw	zero,0(a0)
 376:	0511                	addi	a0,a0,4
 378:	feb56de3          	bltu	a0,a1,372 <handle_reset+0x40>
 37c:	42fd                	li	t0,31
 37e:	bc029073          	csrw	0xbc0,t0
 382:	428d                	li	t0,3
 384:	80429073          	csrw	0x804,t0
 388:	08800293          	li	t0,136
 38c:	30029073          	csrw	mstatus,t0
 390:	00000297          	auipc	t0,0x0
 394:	c7428293          	addi	t0,t0,-908 # 4 <_einit>
 398:	0032e293          	ori	t0,t0,3
 39c:	30529073          	csrw	mtvec,t0
 3a0:	ee9ff0ef          	jal	ra,288 <SystemInit>
 3a4:	00000297          	auipc	t0,0x0
 3a8:	edc28293          	addi	t0,t0,-292 # 280 <main>
 3ac:	34129073          	csrw	mepc,t0
 3b0:	30200073          	mret

000003b4 <GPIO_Init>:
 3b4:	459c                	lw	a5,8(a1)
 3b6:	0107f713          	andi	a4,a5,16
 3ba:	00f7f813          	andi	a6,a5,15
 3be:	c701                	beqz	a4,3c6 <GPIO_Init+0x12>
 3c0:	41d8                	lw	a4,4(a1)
 3c2:	00e86833          	or	a6,a6,a4
 3c6:	40022737          	lui	a4,0x40022
 3ca:	5b14                	lw	a3,48(a4)
 3cc:	0f000737          	lui	a4,0xf000
 3d0:	8f75                	and	a4,a4,a3
 3d2:	eb4d                	bnez	a4,484 <GPIO_Init+0xd0>
 3d4:	4685                	li	a3,1
 3d6:	80d18423          	sb	a3,-2040(gp) # 20000018 <_edata>
 3da:	40011737          	lui	a4,0x40011
 3de:	00e51563          	bne	a0,a4,3e8 <GPIO_Init+0x34>
 3e2:	219a                	lhu	a4,0(a1)
 3e4:	8335                	srli	a4,a4,0xd
 3e6:	a19a                	sh	a4,0(a1)
 3e8:	218e                	lhu	a1,0(a1)
 3ea:	0ff5f713          	andi	a4,a1,255
 3ee:	c339                	beqz	a4,434 <GPIO_Init+0x80>
 3f0:	4118                	lw	a4,0(a0)
 3f2:	4681                	li	a3,0
 3f4:	4e85                	li	t4,1
 3f6:	4f3d                	li	t5,15
 3f8:	02800f93          	li	t6,40
 3fc:	04800293          	li	t0,72
 400:	4e21                	li	t3,8
 402:	00de9633          	sll	a2,t4,a3
 406:	00c5f8b3          	and	a7,a1,a2
 40a:	03161163          	bne	a2,a7,42c <GPIO_Init+0x78>
 40e:	00269893          	slli	a7,a3,0x2
 412:	011f1333          	sll	t1,t5,a7
 416:	fff34313          	not	t1,t1
 41a:	00e37733          	and	a4,t1,a4
 41e:	011818b3          	sll	a7,a6,a7
 422:	00e8e733          	or	a4,a7,a4
 426:	07f79763          	bne	a5,t6,494 <GPIO_Init+0xe0>
 42a:	c950                	sw	a2,20(a0)
 42c:	0685                	addi	a3,a3,1
 42e:	fdc69ae3          	bne	a3,t3,402 <GPIO_Init+0x4e>
 432:	c118                	sw	a4,0(a0)
 434:	0ff00713          	li	a4,255
 438:	04b77563          	bgeu	a4,a1,482 <GPIO_Init+0xce>
 43c:	4154                	lw	a3,4(a0)
 43e:	4621                	li	a2,8
 440:	4e85                	li	t4,1
 442:	4f3d                	li	t5,15
 444:	02800f93          	li	t6,40
 448:	04800293          	li	t0,72
 44c:	4e41                	li	t3,16
 44e:	00ce98b3          	sll	a7,t4,a2
 452:	0115f733          	and	a4,a1,a7
 456:	02e89263          	bne	a7,a4,47a <GPIO_Init+0xc6>
 45a:	00261713          	slli	a4,a2,0x2
 45e:	1701                	addi	a4,a4,-32
 460:	00ef1333          	sll	t1,t5,a4
 464:	fff34313          	not	t1,t1
 468:	00d376b3          	and	a3,t1,a3
 46c:	00e81733          	sll	a4,a6,a4
 470:	8ed9                	or	a3,a3,a4
 472:	03f79563          	bne	a5,t6,49c <GPIO_Init+0xe8>
 476:	01152a23          	sw	a7,20(a0)
 47a:	0605                	addi	a2,a2,1
 47c:	fdc619e3          	bne	a2,t3,44e <GPIO_Init+0x9a>
 480:	c154                	sw	a3,4(a0)
 482:	8082                	ret
 484:	40011737          	lui	a4,0x40011
 488:	f6e510e3          	bne	a0,a4,3e8 <GPIO_Init+0x34>
 48c:	8081c703          	lbu	a4,-2040(gp) # 20000018 <_edata>
 490:	df21                	beqz	a4,3e8 <GPIO_Init+0x34>
 492:	bf81                	j	3e2 <GPIO_Init+0x2e>
 494:	f8579ce3          	bne	a5,t0,42c <GPIO_Init+0x78>
 498:	c910                	sw	a2,16(a0)
 49a:	bf49                	j	42c <GPIO_Init+0x78>
 49c:	fc579fe3          	bne	a5,t0,47a <GPIO_Init+0xc6>
 4a0:	01152823          	sw	a7,16(a0)
 4a4:	bfd9                	j	47a <GPIO_Init+0xc6>

000004a6 <GPIO_SetBits>:
 4a6:	400117b7          	lui	a5,0x40011
 4aa:	00f51663          	bne	a0,a5,4b6 <GPIO_SetBits+0x10>
 4ae:	8081c783          	lbu	a5,-2040(gp) # 20000018 <_edata>
 4b2:	c391                	beqz	a5,4b6 <GPIO_SetBits+0x10>
 4b4:	81b5                	srli	a1,a1,0xd
 4b6:	c90c                	sw	a1,16(a0)
 4b8:	8082                	ret

000004ba <GPIO_ResetBits>:
 4ba:	400117b7          	lui	a5,0x40011
 4be:	00f51663          	bne	a0,a5,4ca <GPIO_ResetBits+0x10>
 4c2:	8081c783          	lbu	a5,-2040(gp) # 20000018 <_edata>
 4c6:	c391                	beqz	a5,4ca <GPIO_ResetBits+0x10>
 4c8:	81b5                	srli	a1,a1,0xd
 4ca:	c94c                	sw	a1,20(a0)
 4cc:	8082                	ret

000004ce <RCC_DeInit>:
 4ce:	400217b7          	lui	a5,0x40021
 4d2:	4398                	lw	a4,0(a5)
 4d4:	f0ff06b7          	lui	a3,0xf0ff0
 4d8:	00176713          	ori	a4,a4,1
 4dc:	c398                	sw	a4,0(a5)
 4de:	43d8                	lw	a4,4(a5)
 4e0:	8f75                	and	a4,a4,a3
 4e2:	c3d8                	sw	a4,4(a5)
 4e4:	4398                	lw	a4,0(a5)
 4e6:	fef706b7          	lui	a3,0xfef70
 4ea:	16fd                	addi	a3,a3,-1
 4ec:	8f75                	and	a4,a4,a3
 4ee:	c398                	sw	a4,0(a5)
 4f0:	4398                	lw	a4,0(a5)
 4f2:	fffc06b7          	lui	a3,0xfffc0
 4f6:	16fd                	addi	a3,a3,-1
 4f8:	8f75                	and	a4,a4,a3
 4fa:	c398                	sw	a4,0(a5)
 4fc:	43d8                	lw	a4,4(a5)
 4fe:	ff0106b7          	lui	a3,0xff010
 502:	16fd                	addi	a3,a3,-1
 504:	8f75                	and	a4,a4,a3
 506:	c3d8                	sw	a4,4(a5)
 508:	009f0737          	lui	a4,0x9f0
 50c:	c798                	sw	a4,8(a5)
 50e:	8082                	ret

00000510 <RCC_HSICmd>:
 510:	40021737          	lui	a4,0x40021
 514:	431c                	lw	a5,0(a4)
 516:	c509                	beqz	a0,520 <RCC_HSICmd+0x10>
 518:	0017e793          	ori	a5,a5,1
 51c:	c31c                	sw	a5,0(a4)
 51e:	8082                	ret
 520:	9bf9                	andi	a5,a5,-2
 522:	bfed                	j	51c <RCC_HSICmd+0xc>

00000524 <RCC_SYSCLKConfig>:
 524:	40021737          	lui	a4,0x40021
 528:	435c                	lw	a5,4(a4)
 52a:	9bf1                	andi	a5,a5,-4
 52c:	8d5d                	or	a0,a0,a5
 52e:	c348                	sw	a0,4(a4)
 530:	8082                	ret

00000532 <RCC_HCLKConfig>:
 532:	40021737          	lui	a4,0x40021
 536:	435c                	lw	a5,4(a4)
 538:	f0f7f793          	andi	a5,a5,-241
 53c:	8d5d                	or	a0,a0,a5
 53e:	c348                	sw	a0,4(a4)
 540:	8082                	ret

00000542 <RCC_PCLK1Config>:
 542:	40021737          	lui	a4,0x40021
 546:	435c                	lw	a5,4(a4)
 548:	8ff7f793          	andi	a5,a5,-1793
 54c:	8d5d                	or	a0,a0,a5
 54e:	c348                	sw	a0,4(a4)
 550:	8082                	ret

00000552 <RCC_PCLK2Config>:
 552:	400216b7          	lui	a3,0x40021
 556:	42dc                	lw	a5,4(a3)
 558:	7771                	lui	a4,0xffffc
 55a:	7ff70713          	addi	a4,a4,2047 # ffffc7ff <_eusrstack+0xdfff77ff>
 55e:	8ff9                	and	a5,a5,a4
 560:	050e                	slli	a0,a0,0x3
 562:	8d5d                	or	a0,a0,a5
 564:	c2c8                	sw	a0,4(a3)
 566:	8082                	ret

00000568 <RCC_GetClocksFreq>:
 568:	40021737          	lui	a4,0x40021
 56c:	435c                	lw	a5,4(a4)
 56e:	4691                	li	a3,4
 570:	8bb1                	andi	a5,a5,12
 572:	00d78563          	beq	a5,a3,57c <RCC_GetClocksFreq+0x14>
 576:	46a1                	li	a3,8
 578:	06d78263          	beq	a5,a3,5dc <RCC_GetClocksFreq+0x74>
 57c:	007a17b7          	lui	a5,0x7a1
 580:	20078793          	addi	a5,a5,512 # 7a1200 <__stack_size+0x7a0a00>
 584:	c11c                	sw	a5,0(a0)
 586:	40021637          	lui	a2,0x40021
 58a:	425c                	lw	a5,4(a2)
 58c:	20000737          	lui	a4,0x20000
 590:	00070713          	mv	a4,a4
 594:	8391                	srli	a5,a5,0x4
 596:	8bbd                	andi	a5,a5,15
 598:	97ba                	add	a5,a5,a4
 59a:	2394                	lbu	a3,0(a5)
 59c:	411c                	lw	a5,0(a0)
 59e:	00d7d7b3          	srl	a5,a5,a3
 5a2:	c15c                	sw	a5,4(a0)
 5a4:	4254                	lw	a3,4(a2)
 5a6:	82a1                	srli	a3,a3,0x8
 5a8:	8a9d                	andi	a3,a3,7
 5aa:	96ba                	add	a3,a3,a4
 5ac:	2294                	lbu	a3,0(a3)
 5ae:	00d7d6b3          	srl	a3,a5,a3
 5b2:	c514                	sw	a3,8(a0)
 5b4:	4254                	lw	a3,4(a2)
 5b6:	82ad                	srli	a3,a3,0xb
 5b8:	8a9d                	andi	a3,a3,7
 5ba:	9736                	add	a4,a4,a3
 5bc:	2318                	lbu	a4,0(a4)
 5be:	00e7d7b3          	srl	a5,a5,a4
 5c2:	c55c                	sw	a5,12(a0)
 5c4:	4258                	lw	a4,4(a2)
 5c6:	8339                	srli	a4,a4,0xe
 5c8:	00377693          	andi	a3,a4,3
 5cc:	80418713          	addi	a4,gp,-2044 # 20000014 <ADCPrescTable>
 5d0:	9736                	add	a4,a4,a3
 5d2:	2318                	lbu	a4,0(a4)
 5d4:	02e7d7b3          	divu	a5,a5,a4
 5d8:	c91c                	sw	a5,16(a0)
 5da:	8082                	ret
 5dc:	435c                	lw	a5,4(a4)
 5de:	4358                	lw	a4,4(a4)
 5e0:	66c1                	lui	a3,0x10
 5e2:	83c9                	srli	a5,a5,0x12
 5e4:	8bbd                	andi	a5,a5,15
 5e6:	8f75                	and	a4,a4,a3
 5e8:	0789                	addi	a5,a5,2
 5ea:	46c5                	li	a3,17
 5ec:	00d79363          	bne	a5,a3,5f2 <RCC_GetClocksFreq+0x8a>
 5f0:	47c9                	li	a5,18
 5f2:	ef01                	bnez	a4,60a <RCC_GetClocksFreq+0xa2>
 5f4:	40024737          	lui	a4,0x40024
 5f8:	80072703          	lw	a4,-2048(a4) # 40023800 <_eusrstack+0x2001e800>
 5fc:	8b41                	andi	a4,a4,16
 5fe:	cf09                	beqz	a4,618 <RCC_GetClocksFreq+0xb0>
 600:	007a1737          	lui	a4,0x7a1
 604:	20070713          	addi	a4,a4,512 # 7a1200 <__stack_size+0x7a0a00>
 608:	a821                	j	620 <RCC_GetClocksFreq+0xb8>
 60a:	40021737          	lui	a4,0x40021
 60e:	4358                	lw	a4,4(a4)
 610:	00e71693          	slli	a3,a4,0xe
 614:	fe06d6e3          	bgez	a3,600 <RCC_GetClocksFreq+0x98>
 618:	003d1737          	lui	a4,0x3d1
 61c:	90070713          	addi	a4,a4,-1792 # 3d0900 <__stack_size+0x3d0100>
 620:	02e787b3          	mul	a5,a5,a4
 624:	b785                	j	584 <RCC_GetClocksFreq+0x1c>

00000626 <RCC_APB2PeriphClockCmd>:
 626:	c599                	beqz	a1,634 <RCC_APB2PeriphClockCmd+0xe>
 628:	40021737          	lui	a4,0x40021
 62c:	4f1c                	lw	a5,24(a4)
 62e:	8d5d                	or	a0,a0,a5
 630:	cf08                	sw	a0,24(a4)
 632:	8082                	ret
 634:	400217b7          	lui	a5,0x40021
 638:	4f98                	lw	a4,24(a5)
 63a:	fff54513          	not	a0,a0
 63e:	8d79                	and	a0,a0,a4
 640:	cf88                	sw	a0,24(a5)
 642:	8082                	ret

00000644 <RCC_APB1PeriphClockCmd>:
 644:	c599                	beqz	a1,652 <RCC_APB1PeriphClockCmd+0xe>
 646:	40021737          	lui	a4,0x40021
 64a:	4f5c                	lw	a5,28(a4)
 64c:	8d5d                	or	a0,a0,a5
 64e:	cf48                	sw	a0,28(a4)
 650:	8082                	ret
 652:	400217b7          	lui	a5,0x40021
 656:	4fd8                	lw	a4,28(a5)
 658:	fff54513          	not	a0,a0
 65c:	8d79                	and	a0,a0,a4
 65e:	cfc8                	sw	a0,28(a5)
 660:	8082                	ret

00000662 <RCC_GetFlagStatus>:
 662:	00555793          	srli	a5,a0,0x5
 666:	4705                	li	a4,1
 668:	00e79963          	bne	a5,a4,67a <RCC_GetFlagStatus+0x18>
 66c:	400217b7          	lui	a5,0x40021
 670:	439c                	lw	a5,0(a5)
 672:	00a7d533          	srl	a0,a5,a0
 676:	8905                	andi	a0,a0,1
 678:	8082                	ret
 67a:	4709                	li	a4,2
 67c:	00e79663          	bne	a5,a4,688 <RCC_GetFlagStatus+0x26>
 680:	400217b7          	lui	a5,0x40021
 684:	539c                	lw	a5,32(a5)
 686:	b7f5                	j	672 <RCC_GetFlagStatus+0x10>
 688:	400217b7          	lui	a5,0x40021
 68c:	53dc                	lw	a5,36(a5)
 68e:	b7d5                	j	672 <RCC_GetFlagStatus+0x10>

00000690 <USART_Init>:
 690:	aa1ff2ef          	jal	t0,130 <__riscv_save_0>
 694:	2916                	lhu	a3,16(a0)
 696:	77f5                	lui	a5,0xffffd
 698:	17fd                	addi	a5,a5,-1
 69a:	8ff5                	and	a5,a5,a3
 69c:	21f6                	lhu	a3,6(a1)
 69e:	25da                	lhu	a4,12(a1)
 6a0:	7179                	addi	sp,sp,-48
 6a2:	8fd5                	or	a5,a5,a3
 6a4:	a91e                	sh	a5,16(a0)
 6a6:	2556                	lhu	a3,12(a0)
 6a8:	77fd                	lui	a5,0xfffff
 6aa:	9f378793          	addi	a5,a5,-1549 # ffffe9f3 <_eusrstack+0xdfff99f3>
 6ae:	8ff5                	and	a5,a5,a3
 6b0:	21d6                	lhu	a3,4(a1)
 6b2:	842a                	mv	s0,a0
 6b4:	c62e                	sw	a1,12(sp)
 6b6:	8fd5                	or	a5,a5,a3
 6b8:	2596                	lhu	a3,8(a1)
 6ba:	8fd5                	or	a5,a5,a3
 6bc:	25b6                	lhu	a3,10(a1)
 6be:	8fd5                	or	a5,a5,a3
 6c0:	a55e                	sh	a5,12(a0)
 6c2:	295e                	lhu	a5,20(a0)
 6c4:	07c2                	slli	a5,a5,0x10
 6c6:	83c1                	srli	a5,a5,0x10
 6c8:	cff7f793          	andi	a5,a5,-769
 6cc:	8fd9                	or	a5,a5,a4
 6ce:	a95e                	sh	a5,20(a0)
 6d0:	0868                	addi	a0,sp,28
 6d2:	3d59                	jal	568 <RCC_GetClocksFreq>
 6d4:	400147b7          	lui	a5,0x40014
 6d8:	80078793          	addi	a5,a5,-2048 # 40013800 <_eusrstack+0x2000e800>
 6dc:	45b2                	lw	a1,12(sp)
 6de:	02f41d63          	bne	s0,a5,718 <USART_Init+0x88>
 6e2:	57a2                	lw	a5,40(sp)
 6e4:	4765                	li	a4,25
 6e6:	02e787b3          	mul	a5,a5,a4
 6ea:	4198                	lw	a4,0(a1)
 6ec:	06400693          	li	a3,100
 6f0:	070a                	slli	a4,a4,0x2
 6f2:	02e7d7b3          	divu	a5,a5,a4
 6f6:	02d7d733          	divu	a4,a5,a3
 6fa:	02d7f7b3          	remu	a5,a5,a3
 6fe:	0712                	slli	a4,a4,0x4
 700:	0792                	slli	a5,a5,0x4
 702:	03278793          	addi	a5,a5,50
 706:	02d7d7b3          	divu	a5,a5,a3
 70a:	8bbd                	andi	a5,a5,15
 70c:	8fd9                	or	a5,a5,a4
 70e:	07c2                	slli	a5,a5,0x10
 710:	83c1                	srli	a5,a5,0x10
 712:	a41e                	sh	a5,8(s0)
 714:	6145                	addi	sp,sp,48
 716:	bc3d                	j	154 <__riscv_restore_0>
 718:	5792                	lw	a5,36(sp)
 71a:	b7e9                	j	6e4 <USART_Init+0x54>

0000071c <USART_Cmd>:
 71c:	c591                	beqz	a1,728 <USART_Cmd+0xc>
 71e:	255e                	lhu	a5,12(a0)
 720:	6709                	lui	a4,0x2
 722:	8fd9                	or	a5,a5,a4
 724:	a55e                	sh	a5,12(a0)
 726:	8082                	ret
 728:	255a                	lhu	a4,12(a0)
 72a:	77f9                	lui	a5,0xffffe
 72c:	17fd                	addi	a5,a5,-1
 72e:	8ff9                	and	a5,a5,a4
 730:	bfd5                	j	724 <USART_Cmd+0x8>

00000732 <Delay_Init>:
 732:	200007b7          	lui	a5,0x20000
 736:	0107a783          	lw	a5,16(a5) # 20000010 <SystemCoreClock>
 73a:	007a1737          	lui	a4,0x7a1
 73e:	20070713          	addi	a4,a4,512 # 7a1200 <__stack_size+0x7a0a00>
 742:	02e7d7b3          	divu	a5,a5,a4
 746:	0ff7f793          	andi	a5,a5,255
 74a:	80f18623          	sb	a5,-2036(gp) # 2000001c <p_us>
 74e:	3e800713          	li	a4,1000
 752:	02e787b3          	mul	a5,a5,a4
 756:	80f19523          	sh	a5,-2038(gp) # 2000001a <p_ms>
 75a:	8082                	ret
